25-02-02 13:13:19:025 [http-nio-8080-exec-8] DEBUG o.s.web.servlet.DispatcherServlet - POST "/public/create-user", parameters={}
25-02-02 13:13:19:059 [http-nio-8080-exec-8] DEBUG o.s.w.s.m.m.a.RequestMappingHandlerMapping - Mapped to net.vinayakdigest.journalApp.controller.PublicController#createUser(User)
25-02-02 13:13:19:062 [http-nio-8080-exec-8] DEBUG o.s.w.s.m.m.a.RequestResponseBodyMethodProcessor - Read "application/json;charset=UTF-8" to [User(id=null, username=ram, password=ram, journalEntries=[], roles=[USER])]
25-02-02 13:13:19:246 [http-nio-8080-exec-8] DEBUG o.s.data.mongodb.core.MongoTemplate - Inserting Document containing fields: [username, password, journalEntries, roles, _class] in collection: users
25-02-02 13:13:19:314 [http-nio-8080-exec-8] ERROR n.v.j.service.userAppServices - HAHAHAHAHAHAHA
25-02-02 13:13:19:314 [http-nio-8080-exec-8] INFO  n.v.j.service.userAppServices - HAHAHAHAHAHAHA
25-02-02 13:13:19:314 [http-nio-8080-exec-8] WARN  n.v.j.service.userAppServices - HAHAHAHAHAHAHA
25-02-02 13:13:19:314 [http-nio-8080-exec-8] DEBUG n.v.j.service.userAppServices - HAHAHAHAHAHAHA
25-02-02 13:13:19:315 [http-nio-8080-exec-8] DEBUG o.s.w.s.m.m.a.HttpEntityMethodProcessor - Using 'application/octet-stream', given [*/*] and supported [*/*]
25-02-02 13:13:19:316 [http-nio-8080-exec-8] DEBUG o.s.web.servlet.DispatcherServlet - Completed 400 BAD_REQUEST
25-02-02 13:13:31:627 [http-nio-8080-exec-9] DEBUG o.s.web.servlet.DispatcherServlet - POST "/public/create-user", parameters={}
25-02-02 13:13:31:628 [http-nio-8080-exec-9] DEBUG o.s.w.s.m.m.a.RequestMappingHandlerMapping - Mapped to net.vinayakdigest.journalApp.controller.PublicController#createUser(User)
25-02-02 13:13:31:630 [http-nio-8080-exec-9] DEBUG o.s.w.s.m.m.a.RequestResponseBodyMethodProcessor - Read "application/json;charset=UTF-8" to [User(id=null, username=ram, password=ram, journalEntries=[], roles=[USER])]
25-02-02 13:13:31:754 [http-nio-8080-exec-9] DEBUG o.s.data.mongodb.core.MongoTemplate - Inserting Document containing fields: [username, password, journalEntries, roles, _class] in collection: users
25-02-02 13:13:31:815 [http-nio-8080-exec-9] ERROR n.v.j.service.userAppServices - HAHAHAHAHAHAHA
25-02-02 13:13:31:816 [http-nio-8080-exec-9] INFO  n.v.j.service.userAppServices - HAHAHAHAHAHAHA
25-02-02 13:13:31:816 [http-nio-8080-exec-9] WARN  n.v.j.service.userAppServices - HAHAHAHAHAHAHA
25-02-02 13:13:31:816 [http-nio-8080-exec-9] DEBUG n.v.j.service.userAppServices - HAHAHAHAHAHAHA
25-02-02 13:13:31:817 [http-nio-8080-exec-9] DEBUG o.s.w.s.m.m.a.HttpEntityMethodProcessor - Using 'application/octet-stream', given [*/*] and supported [*/*]
25-02-02 13:13:31:818 [http-nio-8080-exec-9] DEBUG o.s.web.servlet.DispatcherServlet - Completed 400 BAD_REQUEST
25-02-02 13:13:50:443 [http-nio-8080-exec-1] DEBUG o.s.web.servlet.DispatcherServlet - POST "/public/create-user", parameters={}
25-02-02 13:13:50:448 [http-nio-8080-exec-1] DEBUG o.s.w.s.m.m.a.RequestMappingHandlerMapping - Mapped to net.vinayakdigest.journalApp.controller.PublicController#createUser(User)
25-02-02 13:13:50:452 [http-nio-8080-exec-1] DEBUG o.s.w.s.m.m.a.RequestResponseBodyMethodProcessor - Read "application/json;charset=UTF-8" to [User(id=null, username=ram, password=ram, journalEntries=[], roles=[USER])]
25-02-02 13:13:50:578 [http-nio-8080-exec-1] DEBUG o.s.data.mongodb.core.MongoTemplate - Inserting Document containing fields: [username, password, journalEntries, roles, _class] in collection: users
25-02-02 13:13:50:655 [http-nio-8080-exec-1] ERROR n.v.j.service.userAppServices - HAHAHAHAHAHAHA
25-02-02 13:13:50:656 [http-nio-8080-exec-1] INFO  n.v.j.service.userAppServices - HAHAHAHAHAHAHA
25-02-02 13:13:50:656 [http-nio-8080-exec-1] WARN  n.v.j.service.userAppServices - HAHAHAHAHAHAHA
25-02-02 13:13:50:656 [http-nio-8080-exec-1] DEBUG n.v.j.service.userAppServices - HAHAHAHAHAHAHA
25-02-02 13:13:50:656 [http-nio-8080-exec-1] DEBUG o.s.w.s.m.m.a.HttpEntityMethodProcessor - Using 'application/octet-stream', given [*/*] and supported [*/*]
25-02-02 13:13:50:657 [http-nio-8080-exec-1] DEBUG o.s.web.servlet.DispatcherServlet - Completed 400 BAD_REQUEST
