25-02-02 13:09:00:725 [http-nio-8080-exec-10] DEBUG o.s.web.servlet.DispatcherServlet - GET "/public/health", parameters={}
25-02-02 13:09:00:731 [http-nio-8080-exec-10] DEBUG o.s.w.s.m.m.a.RequestMappingHandlerMapping - Mapped to net.vinayakdigest.journalApp.controller.PublicController#healthCheck()
25-02-02 13:09:00:740 [http-nio-8080-exec-10] DEBUG o.s.w.s.m.m.a.RequestResponseBodyMethodProcessor - Using 'text/plain', given [*/*] and supported [text/plain, */*, application/json, application/*+json]
25-02-02 13:09:00:742 [http-nio-8080-exec-10] DEBUG o.s.w.s.m.m.a.RequestResponseBodyMethodProcessor - Writing ["OK"]
25-02-02 13:09:00:747 [http-nio-8080-exec-10] DEBUG o.s.web.servlet.DispatcherServlet - Completed 200 OK
25-02-02 13:09:19:991 [http-nio-8080-exec-9] DEBUG o.s.web.servlet.DispatcherServlet - POST "/public/create-user", parameters={}
25-02-02 13:09:19:992 [http-nio-8080-exec-9] DEBUG o.s.w.s.m.m.a.RequestMappingHandlerMapping - Mapped to net.vinayakdigest.journalApp.controller.PublicController#createUser(User)
25-02-02 13:09:19:996 [http-nio-8080-exec-9] DEBUG o.s.w.s.m.m.a.RequestResponseBodyMethodProcessor - Read "application/json;charset=UTF-8" to [User(id=null, username=ram, password=ram, journalEntries=[], roles=[USER])]
25-02-02 13:09:20:143 [http-nio-8080-exec-9] DEBUG o.s.data.mongodb.core.MongoTemplate - Inserting Document containing fields: [username, password, journalEntries, roles, _class] in collection: users
25-02-02 13:09:20:211 [http-nio-8080-exec-9] ERROR n.v.j.service.userAppServices - HAHAHAHAHAHAHA
25-02-02 13:09:20:211 [http-nio-8080-exec-9] INFO  n.v.j.service.userAppServices - HAHAHAHAHAHAHA
25-02-02 13:09:20:211 [http-nio-8080-exec-9] WARN  n.v.j.service.userAppServices - HAHAHAHAHAHAHA
25-02-02 13:09:20:211 [http-nio-8080-exec-9] DEBUG n.v.j.service.userAppServices - HAHAHAHAHAHAHA
25-02-02 13:09:20:212 [http-nio-8080-exec-9] DEBUG o.s.w.s.m.m.a.HttpEntityMethodProcessor - Using 'application/octet-stream', given [*/*] and supported [*/*]
25-02-02 13:09:20:213 [http-nio-8080-exec-9] DEBUG o.s.web.servlet.DispatcherServlet - Completed 400 BAD_REQUEST
25-02-02 13:09:47:538 [http-nio-8080-exec-1] DEBUG o.s.web.servlet.DispatcherServlet - POST "/public/create-user", parameters={}
25-02-02 13:09:47:539 [http-nio-8080-exec-1] DEBUG o.s.w.s.m.m.a.RequestMappingHandlerMapping - Mapped to net.vinayakdigest.journalApp.controller.PublicController#createUser(User)
25-02-02 13:09:47:541 [http-nio-8080-exec-1] DEBUG o.s.w.s.m.m.a.RequestResponseBodyMethodProcessor - Read "application/json;charset=UTF-8" to [User(id=null, username=ram, password=ram, journalEntries=[], roles=[USER])]
25-02-02 13:09:47:662 [http-nio-8080-exec-1] DEBUG o.s.data.mongodb.core.MongoTemplate - Inserting Document containing fields: [username, password, journalEntries, roles, _class] in collection: users
25-02-02 13:09:47:727 [http-nio-8080-exec-1] ERROR n.v.j.service.userAppServices - HAHAHAHAHAHAHA
25-02-02 13:09:47:727 [http-nio-8080-exec-1] INFO  n.v.j.service.userAppServices - HAHAHAHAHAHAHA
25-02-02 13:09:47:727 [http-nio-8080-exec-1] WARN  n.v.j.service.userAppServices - HAHAHAHAHAHAHA
25-02-02 13:09:47:727 [http-nio-8080-exec-1] DEBUG n.v.j.service.userAppServices - HAHAHAHAHAHAHA
25-02-02 13:09:47:728 [http-nio-8080-exec-1] DEBUG o.s.w.s.m.m.a.HttpEntityMethodProcessor - Using 'application/octet-stream', given [*/*] and supported [*/*]
25-02-02 13:09:47:728 [http-nio-8080-exec-1] DEBUG o.s.web.servlet.DispatcherServlet - Completed 400 BAD_REQUEST
